<?xml version="1.0" encoding="UTF-8"?>
<!-- Generated by org.testng.reporters.JUnitReportReporter -->
<testsuite hostname="eti" failures="0" tests="1" name="Practice.DemoFlipkart" time="0.481" errors="0" timestamp="2023-07-04T14:35:19 IST" skipped="0">
  <testcase classname="Practice.DemoFlipkart" name="tesScript" time="0.481"/>
  <system-out/>
</testsuite> <!-- Practice.DemoFlipkart -->
